#
# There is insufficient memory for the Java Runtime Environment to continue.
# Native memory allocation (malloc) failed to allocate 1530096 bytes for Chunk::new
# Possible reasons:
#   The system is out of physical RAM or swap space
#   The process is running with CompressedOops enabled, and the Java Heap may be blocking the growth of the native heap
# Possible solutions:
#   Reduce memory load on the system
#   Increase physical memory or swap space
#   Check if swap backing store is full
#   Decrease Java heap size (-Xmx/-Xms)
#   Decrease number of Java threads
#   Decrease Java thread stack sizes (-Xss)
#   Set larger code cache with -XX:ReservedCodeCacheSize=
#   JVM is running with Unscaled Compressed Oops mode in which the Java heap is
#     placed in the first 4GB address space. The Java Heap base address is the
#     maximum limit for the native heap growth. Please use -XX:HeapBaseMinAddress
#     to set the Java Heap base and to place the Java Heap above 4GB virtual address.
# This output file may be truncated or incomplete.
#
#  Out of Memory Error (./src/hotspot/share/memory/arena.cpp:197), pid=6160, tid=7776
#
# JRE version: OpenJDK Runtime Environment (11.0.10) (build 11.0.10+0-b96-7249189)
# Java VM: OpenJDK 64-Bit Server VM (11.0.10+0-b96-7249189, mixed mode, tiered, compressed oops, g1 gc, windows-amd64)
# No core dump will be written. Minidumps are not enabled by default on client versions of Windows
#

---------------  S U M M A R Y ------------

Command Line: --add-opens=java.base/java.util=ALL-UNNAMED --add-opens=java.base/java.lang=ALL-UNNAMED --add-opens=java.base/java.lang.invoke=ALL-UNNAMED --add-opens=java.prefs/java.util.prefs=ALL-UNNAMED -Xmx1536M -Dfile.encoding=windows-1252 -Duser.country=MY -Duser.language=en -Duser.variant org.gradle.launcher.daemon.bootstrap.GradleDaemon 6.7

Host: Intel(R) Core(TM) i5-3337U CPU @ 1.80GHz, 4 cores, 3G,  Windows 10 , 64 bit Build 19041 (10.0.19041.1889)
Time: Mon Oct 31 09:05:10 2022 Malay Peninsula Standard Time elapsed time: 21.809825 seconds (0d 0h 0m 21s)

---------------  T H R E A D  ---------------

Current thread (0x00000232a90aa800):  JavaThread "C2 CompilerThread0" daemon [_thread_in_native, id=7776, stack(0x000000f689c00000,0x000000f689d00000)]


Current CompileTask:
C2:  21810 2807       4       java.util.AbstractCollection::addAll (42 bytes)

Stack: [0x000000f689c00000,0x000000f689d00000]
Native frames: (J=compiled Java code, j=interpreted, Vv=VM code, C=native code)
V  [jvm.dll+0x5ecfaa]
V  [jvm.dll+0x722bd5]
V  [jvm.dll+0x72412d]
V  [jvm.dll+0x7247e3]
V  [jvm.dll+0x242928]
V  [jvm.dll+0xbc4fc]
V  [jvm.dll+0xbca0c]
V  [jvm.dll+0x352d3b]
V  [jvm.dll+0x320ad3]
V  [jvm.dll+0x31ffca]
V  [jvm.dll+0x1fb602]
V  [jvm.dll+0x1fa7f4]
V  [jvm.dll+0x18354c]
V  [jvm.dll+0x208ee7]
V  [jvm.dll+0x207731]
V  [jvm.dll+0x6eb1cf]
V  [jvm.dll+0x6e3d45]
V  [jvm.dll+0x5ebe96]
C  [ucrtbase.dll+0x21bb2]
C  [KERNEL32.DLL+0x17034]
C  [ntdll.dll+0x526a1]


---------------  P R O C E S S  ---------------

Threads class SMR info:
_java_thread_list=0x00000232ac716140, length=30, elements={
0x000002329079e800, 0x00000232a9039000, 0x00000232a903a800, 0x00000232a9099000,
0x00000232a909b000, 0x00000232a909c000, 0x00000232a90aa800, 0x00000232a90ad800,
0x00000232a90b7000, 0x00000232a9b15800, 0x00000232aa365000, 0x00000232ab115000,
0x00000232ab225800, 0x00000232ab226000, 0x00000232ab3d2000, 0x00000232ab3d2800,
0x00000232ab27c800, 0x00000232ab27d800, 0x00000232aa48b800, 0x00000232aa48a000,
0x00000232aa48d800, 0x00000232aa48c800, 0x00000232aa48e000, 0x00000232aa48f000,
0x00000232aa489000, 0x00000232aa48f800, 0x00000232aa48b000, 0x00000232abefe000,
0x00000232abeff000, 0x00000232abefc800
}

Java Threads: ( => current thread )
  0x000002329079e800 JavaThread "main" [_thread_blocked, id=8392, stack(0x000000f689000000,0x000000f689100000)]
  0x00000232a9039000 JavaThread "Reference Handler" daemon [_thread_blocked, id=6028, stack(0x000000f689700000,0x000000f689800000)]
  0x00000232a903a800 JavaThread "Finalizer" daemon [_thread_blocked, id=10836, stack(0x000000f689800000,0x000000f689900000)]
  0x00000232a9099000 JavaThread "Signal Dispatcher" daemon [_thread_blocked, id=5688, stack(0x000000f689900000,0x000000f689a00000)]
  0x00000232a909b000 JavaThread "Attach Listener" daemon [_thread_blocked, id=10040, stack(0x000000f689a00000,0x000000f689b00000)]
  0x00000232a909c000 JavaThread "Service Thread" daemon [_thread_blocked, id=8760, stack(0x000000f689b00000,0x000000f689c00000)]
=>0x00000232a90aa800 JavaThread "C2 CompilerThread0" daemon [_thread_in_native, id=7776, stack(0x000000f689c00000,0x000000f689d00000)]
  0x00000232a90ad800 JavaThread "C1 CompilerThread0" daemon [_thread_blocked, id=3216, stack(0x000000f689d00000,0x000000f689e00000)]
  0x00000232a90b7000 JavaThread "Sweeper thread" daemon [_thread_blocked, id=1408, stack(0x000000f689e00000,0x000000f689f00000)]
  0x00000232a9b15800 JavaThread "Common-Cleaner" daemon [_thread_blocked, id=2700, stack(0x000000f689f00000,0x000000f68a000000)]
  0x00000232aa365000 JavaThread "Daemon health stats" [_thread_blocked, id=10340, stack(0x000000f68a200000,0x000000f68a300000)]
  0x00000232ab115000 JavaThread "Incoming local TCP Connector on port 52910" [_thread_in_native, id=10348, stack(0x000000f68a500000,0x000000f68a600000)]
  0x00000232ab225800 JavaThread "Daemon periodic checks" [_thread_blocked, id=7684, stack(0x000000f68a600000,0x000000f68a700000)]
  0x00000232ab226000 JavaThread "Daemon" [_thread_blocked, id=7880, stack(0x000000f68a700000,0x000000f68a800000)]
  0x00000232ab3d2000 JavaThread "Handler for socket connection from /127.0.0.1:52910 to /127.0.0.1:52911" [_thread_in_native, id=9420, stack(0x000000f68a800000,0x000000f68a900000)]
  0x00000232ab3d2800 JavaThread "Cancel handler" [_thread_blocked, id=10452, stack(0x000000f68a900000,0x000000f68aa00000)]
  0x00000232ab27c800 JavaThread "Daemon worker" [_thread_in_vm, id=8728, stack(0x000000f68aa00000,0x000000f68ab00000)]
  0x00000232ab27d800 JavaThread "Asynchronous log dispatcher for DefaultDaemonConnection: socket connection from /127.0.0.1:52910 to /127.0.0.1:52911" [_thread_blocked, id=10152, stack(0x000000f68ab00000,0x000000f68ac00000)]
  0x00000232aa48b800 JavaThread "Stdin handler" [_thread_blocked, id=5684, stack(0x000000f68ac00000,0x000000f68ad00000)]
  0x00000232aa48a000 JavaThread "Thread-8" [_thread_blocked, id=10012, stack(0x000000f68ad00000,0x000000f68ae00000)]
  0x00000232aa48d800 JavaThread "Cache worker for file hash cache (C:\Users\Asus\.gradle\caches\6.7\fileHashes)" [_thread_blocked, id=8016, stack(0x000000f68b000000,0x000000f68b100000)]
  0x00000232aa48c800 JavaThread "File lock request listener" [_thread_in_native, id=10404, stack(0x000000f68b100000,0x000000f68b200000)]
  0x00000232aa48e000 JavaThread "Cache worker for journal cache (C:\Users\Asus\.gradle\caches\journal-1)" [_thread_blocked, id=4920, stack(0x000000f68b200000,0x000000f68b300000)]
  0x00000232aa48f000 JavaThread "Cache worker for file hash cache (C:\Users\Asus\Desktop\G2R\App_code\DoctorPlus\android\.gradle\6.7\fileHashes)" [_thread_blocked, id=6736, stack(0x000000f68b300000,0x000000f68b400000)]
  0x00000232aa489000 JavaThread "Cache worker for checksums cache (C:\Users\Asus\Desktop\G2R\App_code\DoctorPlus\android\.gradle\checksums)" [_thread_blocked, id=1872, stack(0x000000f68b400000,0x000000f68b500000)]
  0x00000232aa48f800 JavaThread "Cache worker for cache directory md-supplier (C:\Users\Asus\.gradle\caches\6.7\md-supplier)" [_thread_blocked, id=2032, stack(0x000000f68b500000,0x000000f68b600000)]
  0x00000232aa48b000 JavaThread "Cache worker for cache directory md-rule (C:\Users\Asus\.gradle\caches\6.7\md-rule)" [_thread_blocked, id=3572, stack(0x000000f68b600000,0x000000f68b700000)]
  0x00000232abefe000 JavaThread "Cache worker for execution history cache (C:\Users\Asus\.gradle\caches\6.7\executionHistory)" [_thread_blocked, id=8252, stack(0x000000f68b700000,0x000000f68b800000)]
  0x00000232abeff000 JavaThread "jar transforms" [_thread_blocked, id=3840, stack(0x000000f68b800000,0x000000f68b900000)]
  0x00000232abefc800 JavaThread "Cache worker for file content cache (C:\Users\Asus\.gradle\caches\6.7\fileContent)" [_thread_blocked, id=9756, stack(0x000000f68b900000,0x000000f68ba00000)]

Other Threads:
  0x00000232a9014000 VMThread "VM Thread" [stack: 0x000000f689600000,0x000000f689700000] [id=10056]
  0x00000232a9b4a800 WatcherThread [stack: 0x000000f68a000000,0x000000f68a100000] [id=5976]
  0x00000232907b8000 GCTaskThread "GC Thread#0" [stack: 0x000000f689100000,0x000000f689200000] [id=9328]
  0x00000232a9e6c000 GCTaskThread "GC Thread#1" [stack: 0x000000f68a100000,0x000000f68a200000] [id=1104]
  0x00000232aa7dd000 GCTaskThread "GC Thread#2" [stack: 0x000000f68ae00000,0x000000f68af00000] [id=7820]
  0x00000232ab50a800 GCTaskThread "GC Thread#3" [stack: 0x000000f68af00000,0x000000f68b000000] [id=6940]
  0x00000232907dd800 ConcurrentGCThread "G1 Main Marker" [stack: 0x000000f689200000,0x000000f689300000] [id=6284]
  0x00000232907df000 ConcurrentGCThread "G1 Conc#0" [stack: 0x000000f689300000,0x000000f689400000] [id=11196]
  0x000002329083e800 ConcurrentGCThread "G1 Refine#0" [stack: 0x000000f689400000,0x000000f689500000] [id=1464]
  0x000002329083f800 ConcurrentGCThread "G1 Young RemSet Sampling" [stack: 0x000000f689500000,0x000000f689600000] [id=10168]

Threads with active compile tasks:
C2 CompilerThread0  21911 2807       4       java.util.AbstractCollection::addAll (42 bytes)

VM state:not at safepoint (normal execution)

VM Mutex/Monitor currently owned by a thread: None

Heap address: 0x00000000a0000000, size: 1536 MB, Compressed Oops mode: 32-bit
Narrow klass base: 0x0000000000000000, Narrow klass shift: 3
Compressed class space size: 1073741824 Address: 0x0000000100000000

Heap:
 garbage-first heap   total 65536K, used 25884K [0x00000000a0000000, 0x0000000100000000)
  region size 1024K, 8 young (8192K), 4 survivors (4096K)
 Metaspace       used 35764K, capacity 36414K, committed 36608K, reserved 1081344K
  class space    used 4541K, capacity 4808K, committed 4864K, reserved 1048576K
Heap Regions: E=young(eden), S=young(survivor), O=old, HS=humongous(starts), HC=humongous(continues), CS=collection set, F=free, A=archive, TAMS=top-at-mark-start (previous, next)
|   0|0x00000000a0000000, 0x00000000a0100000, 0x00000000a0100000|100%| O|  |TAMS 0x00000000a0100000, 0x00000000a0000000| Untracked 
|   1|0x00000000a0100000, 0x00000000a0200000, 0x00000000a0200000|100%| O|  |TAMS 0x00000000a0200000, 0x00000000a0100000| Untracked 
|   2|0x00000000a0200000, 0x00000000a0300000, 0x00000000a0300000|100%| O|  |TAMS 0x00000000a0300000, 0x00000000a0200000| Untracked 
|   3|0x00000000a0300000, 0x00000000a0400000, 0x00000000a0400000|100%|HS|  |TAMS 0x00000000a0400000, 0x00000000a0300000| Complete 
|   4|0x00000000a0400000, 0x00000000a0500000, 0x00000000a0500000|100%|HC|  |TAMS 0x00000000a0500000, 0x00000000a0400000| Complete 
|   5|0x00000000a0500000, 0x00000000a0600000, 0x00000000a0600000|100%|HC|  |TAMS 0x00000000a0600000, 0x00000000a0500000| Complete 
|   6|0x00000000a0600000, 0x00000000a0700000, 0x00000000a0700000|100%| O|  |TAMS 0x00000000a0700000, 0x00000000a0600000| Untracked 
|   7|0x00000000a0700000, 0x00000000a0800000, 0x00000000a0800000|100%| O|  |TAMS 0x00000000a0800000, 0x00000000a0700000| Untracked 
|   8|0x00000000a0800000, 0x00000000a0900000, 0x00000000a0900000|100%| O|  |TAMS 0x00000000a0900000, 0x00000000a0800000| Untracked 
|   9|0x00000000a0900000, 0x00000000a0a00000, 0x00000000a0a00000|100%| O|  |TAMS 0x00000000a0a00000, 0x00000000a0900000| Untracked 
|  10|0x00000000a0a00000, 0x00000000a0b00000, 0x00000000a0b00000|100%| O|  |TAMS 0x00000000a0b00000, 0x00000000a0a00000| Untracked 
|  11|0x00000000a0b00000, 0x00000000a0c00000, 0x00000000a0c00000|100%| O|  |TAMS 0x00000000a0c00000, 0x00000000a0b00000| Untracked 
|  12|0x00000000a0c00000, 0x00000000a0d00000, 0x00000000a0d00000|100%| O|  |TAMS 0x00000000a0d00000, 0x00000000a0c00000| Untracked 
|  13|0x00000000a0d00000, 0x00000000a0e00000, 0x00000000a0e00000|100%| O|  |TAMS 0x00000000a0e00000, 0x00000000a0d00000| Untracked 
|  14|0x00000000a0e00000, 0x00000000a0f00000, 0x00000000a0f00000|100%| O|  |TAMS 0x00000000a0f00000, 0x00000000a0e00000| Untracked 
|  15|0x00000000a0f00000, 0x00000000a1000000, 0x00000000a1000000|100%| O|  |TAMS 0x00000000a1000000, 0x00000000a0f00000| Untracked 
|  16|0x00000000a1000000, 0x00000000a1000000, 0x00000000a1100000|  0%| F|  |TAMS 0x00000000a1000000, 0x00000000a1000000| Untracked 
|  17|0x00000000a1100000, 0x00000000a1200000, 0x00000000a1200000|100%|HS|  |TAMS 0x00000000a1200000, 0x00000000a1100000| Complete 
|  18|0x00000000a1200000, 0x00000000a1300000, 0x00000000a1300000|100%|HC|  |TAMS 0x00000000a1300000, 0x00000000a1200000| Complete 
|  19|0x00000000a1300000, 0x00000000a1400000, 0x00000000a1400000|100%| O|  |TAMS 0x00000000a1400000, 0x00000000a1300000| Untracked 
|  20|0x00000000a1400000, 0x00000000a1491a00, 0x00000000a1500000| 56%| O|  |TAMS 0x00000000a1491a00, 0x00000000a1400000| Untracked 
|  21|0x00000000a1500000, 0x00000000a1500000, 0x00000000a1600000|  0%| F|  |TAMS 0x00000000a1500000, 0x00000000a1500000| Untracked 
|  22|0x00000000a1600000, 0x00000000a1600000, 0x00000000a1700000|  0%| F|  |TAMS 0x00000000a1600000, 0x00000000a1600000| Untracked 
|  23|0x00000000a1700000, 0x00000000a1700000, 0x00000000a1800000|  0%| F|  |TAMS 0x00000000a1700000, 0x00000000a1700000| Untracked 
|  24|0x00000000a1800000, 0x00000000a1800000, 0x00000000a1900000|  0%| F|  |TAMS 0x00000000a1800000, 0x00000000a1800000| Untracked 
|  25|0x00000000a1900000, 0x00000000a1900000, 0x00000000a1a00000|  0%| F|  |TAMS 0x00000000a1900000, 0x00000000a1900000| Untracked 
|  26|0x00000000a1a00000, 0x00000000a1a00000, 0x00000000a1b00000|  0%| F|  |TAMS 0x00000000a1a00000, 0x00000000a1a00000| Untracked 
|  27|0x00000000a1b00000, 0x00000000a1b00000, 0x00000000a1c00000|  0%| F|  |TAMS 0x00000000a1b00000, 0x00000000a1b00000| Untracked 
|  28|0x00000000a1c00000, 0x00000000a1c00000, 0x00000000a1d00000|  0%| F|  |TAMS 0x00000000a1c00000, 0x00000000a1c00000| Untracked 
|  29|0x00000000a1d00000, 0x00000000a1d00000, 0x00000000a1e00000|  0%| F|  |TAMS 0x00000000a1d00000, 0x00000000a1d00000| Untracked 
|  30|0x00000000a1e00000, 0x00000000a1e00000, 0x00000000a1f00000|  0%| F|  |TAMS 0x00000000a1e00000, 0x00000000a1e00000| Untracked 
|  31|0x00000000a1f00000, 0x00000000a1f00000, 0x00000000a2000000|  0%| F|  |TAMS 0x00000000a1f00000, 0x00000000a1f00000| Untracked 
|  32|0x00000000a2000000, 0x00000000a2000000, 0x00000000a2100000|  0%| F|  |TAMS 0x00000000a2000000, 0x00000000a2000000| Untracked 
|  33|0x00000000a2100000, 0x00000000a2100000, 0x00000000a2200000|  0%| F|  |TAMS 0x00000000a2100000, 0x00000000a2100000| Untracked 
|  34|0x00000000a2200000, 0x00000000a2200000, 0x00000000a2300000|  0%| F|  |TAMS 0x00000000a2200000, 0x00000000a2200000| Untracked 
|  35|0x00000000a2300000, 0x00000000a2300000, 0x00000000a2400000|  0%| F|  |TAMS 0x00000000a2300000, 0x00000000a2300000| Untracked 
|  36|0x00000000a2400000, 0x00000000a2400000, 0x00000000a2500000|  0%| F|  |TAMS 0x00000000a2400000, 0x00000000a2400000| Untracked 
|  37|0x00000000a2500000, 0x00000000a2500000, 0x00000000a2600000|  0%| F|  |TAMS 0x00000000a2500000, 0x00000000a2500000| Untracked 
|  38|0x00000000a2600000, 0x00000000a2600000, 0x00000000a2700000|  0%| F|  |TAMS 0x00000000a2600000, 0x00000000a2600000| Untracked 
|  39|0x00000000a2700000, 0x00000000a27b5950, 0x00000000a2800000| 70%| S|CS|TAMS 0x00000000a2700000, 0x00000000a2700000| Complete 
|  40|0x00000000a2800000, 0x00000000a2900000, 0x00000000a2900000|100%| S|CS|TAMS 0x00000000a2800000, 0x00000000a2800000| Complete 
|  41|0x00000000a2900000, 0x00000000a2a00000, 0x00000000a2a00000|100%| S|CS|TAMS 0x00000000a2900000, 0x00000000a2900000| Complete 
|  42|0x00000000a2a00000, 0x00000000a2b00000, 0x00000000a2b00000|100%| S|CS|TAMS 0x00000000a2a00000, 0x00000000a2a00000| Complete 
|  43|0x00000000a2b00000, 0x00000000a2b00000, 0x00000000a2c00000|  0%| F|  |TAMS 0x00000000a2b00000, 0x00000000a2b00000| Untracked 
|  44|0x00000000a2c00000, 0x00000000a2c00000, 0x00000000a2d00000|  0%| F|  |TAMS 0x00000000a2c00000, 0x00000000a2c00000| Untracked 
|  45|0x00000000a2d00000, 0x00000000a2d00000, 0x00000000a2e00000|  0%| F|  |TAMS 0x00000000a2d00000, 0x00000000a2d00000| Untracked 
|  46|0x00000000a2e00000, 0x00000000a2e00000, 0x00000000a2f00000|  0%| F|  |TAMS 0x00000000a2e00000, 0x00000000a2e00000| Untracked 
|  47|0x00000000a2f00000, 0x00000000a2f00000, 0x00000000a3000000|  0%| F|  |TAMS 0x00000000a2f00000, 0x00000000a2f00000| Untracked 
|  48|0x00000000a3000000, 0x00000000a3000000, 0x00000000a3100000|  0%| F|  |TAMS 0x00000000a3000000, 0x00000000a3000000| Untracked 
|  49|0x00000000a3100000, 0x00000000a3100000, 0x00000000a3200000|  0%| F|  |TAMS 0x00000000a3100000, 0x00000000a3100000| Untracked 
|  50|0x00000000a3200000, 0x00000000a3200000, 0x00000000a3300000|  0%| F|  |TAMS 0x00000000a3200000, 0x00000000a3200000| Untracked 
|  51|0x00000000a3300000, 0x00000000a3300000, 0x00000000a3400000|  0%| F|  |TAMS 0x00000000a3300000, 0x00000000a3300000| Untracked 
|  52|0x00000000a3400000, 0x00000000a3400000, 0x00000000a3500000|  0%| F|  |TAMS 0x00000000a3400000, 0x00000000a3400000| Untracked 
|  53|0x00000000a3500000, 0x00000000a3500000, 0x00000000a3600000|  0%| F|  |TAMS 0x00000000a3500000, 0x00000000a3500000| Untracked 
|  54|0x00000000a3600000, 0x00000000a3600000, 0x00000000a3700000|  0%| F|  |TAMS 0x00000000a3600000, 0x00000000a3600000| Untracked 
|  55|0x00000000a3700000, 0x00000000a3700000, 0x00000000a3800000|  0%| F|  |TAMS 0x00000000a3700000, 0x00000000a3700000| Untracked 
|  56|0x00000000a3800000, 0x00000000a3800000, 0x00000000a3900000|  0%| F|  |TAMS 0x00000000a3800000, 0x00000000a3800000| Untracked 
|  57|0x00000000a3900000, 0x00000000a3900000, 0x00000000a3a00000|  0%| F|  |TAMS 0x00000000a3900000, 0x00000000a3900000| Untracked 
|  58|0x00000000a3a00000, 0x00000000a3a00000, 0x00000000a3b00000|  0%| F|  |TAMS 0x00000000a3a00000, 0x00000000a3a00000| Untracked 
|  59|0x00000000a3b00000, 0x00000000a3b00000, 0x00000000a3c00000|  0%| F|  |TAMS 0x00000000a3b00000, 0x00000000a3b00000| Untracked 
|  60|0x00000000a3c00000, 0x00000000a3c7e310, 0x00000000a3d00000| 49%| E|  |TAMS 0x00000000a3c00000, 0x00000000a3c00000| Complete 
|  61|0x00000000a3d00000, 0x00000000a3dd0890, 0x00000000a3e00000| 81%| E|  |TAMS 0x00000000a3d00000, 0x00000000a3d00000| Complete 
|  62|0x00000000a3e00000, 0x00000000a3f00000, 0x00000000a3f00000|100%| E|CS|TAMS 0x00000000a3e00000, 0x00000000a3e00000| Complete 
|  63|0x00000000a3f00000, 0x00000000a4000000, 0x00000000a4000000|100%| E|CS|TAMS 0x00000000a3f00000, 0x00000000a3f00000| Complete 

Card table byte_map: [0x00000232a3590000,0x00000232a3890000] _byte_map_base: 0x00000232a3090000

Marking Bits (Prev, Next): (CMBitMap*) 0x00000232907d6b58, (CMBitMap*) 0x00000232907d6b90
 Prev Bits: [0x00000232a3b90000, 0x00000232a5390000)
 Next Bits: [0x00000232a5390000, 0x00000232a6b90000)

Polling page: 0x000002328e930000

Metaspace:

Usage:
  Non-class:     30.93 MB capacity,    30.55 MB ( 99%) used,   317.79 KB (  1%) free+waste,    64.44 KB ( <1%) overhead. 
      Class:      4.70 MB capacity,     4.44 MB ( 94%) used,   235.03 KB (  5%) free+waste,    30.88 KB ( <1%) overhead. 
       Both:     35.62 MB capacity,    34.99 MB ( 98%) used,   552.82 KB (  2%) free+waste,    95.31 KB ( <1%) overhead. 

Virtual space:
  Non-class space:       32.00 MB reserved,      31.00 MB ( 97%) committed 
      Class space:        1.00 GB reserved,       4.75 MB ( <1%) committed 
             Both:        1.03 GB reserved,      35.75 MB (  3%) committed 

Chunk freelists:
   Non-Class:  10.00 KB
       Class:  24.00 KB
        Both:  34.00 KB

MaxMetaspaceSize: 17179869184.00 GB
CompressedClassSpaceSize: 1.00 GB

CodeHeap 'non-profiled nmethods': size=120064Kb used=1254Kb max_used=1254Kb free=118809Kb
 bounds [0x000002329bd50000, 0x000002329bfc0000, 0x00000232a3290000]
CodeHeap 'profiled nmethods': size=120000Kb used=6177Kb max_used=6177Kb free=113822Kb
 bounds [0x0000023294820000, 0x0000023294e30000, 0x000002329bd50000]
CodeHeap 'non-nmethods': size=5696Kb used=2181Kb max_used=2181Kb free=3514Kb
 bounds [0x0000023294290000, 0x0000023294500000, 0x0000023294820000]
 total_blobs=3580 nmethods=2849 adapters=642
 compilation: enabled
              stopped_count=0, restarted_count=0
 full_count=0

Compilation events (20 events):
Event: 21.771 Thread 0x00000232a90ad800 2843       3       java.util.Hashtable$Enumerator::next (27 bytes)
Event: 21.771 Thread 0x00000232a90ad800 nmethod 2843 0x0000023294e1de10 code [0x0000023294e1dfe0, 0x0000023294e1e238]
Event: 21.773 Thread 0x00000232a90ad800 2844  s!   3       java.beans.PropertyDescriptor::getWriteMethod (152 bytes)
Event: 21.776 Thread 0x00000232a90ad800 nmethod 2844 0x0000023294e1e390 code [0x0000023294e1e720, 0x0000023294e205a8]
Event: 21.782 Thread 0x00000232a90ad800 2845       3       com.sun.beans.TypeResolver::resolveInClass (9 bytes)
Event: 21.783 Thread 0x00000232a90ad800 nmethod 2845 0x0000023294e20e10 code [0x0000023294e21060, 0x0000023294e21878]
Event: 21.785 Thread 0x00000232a90ad800 2846       3       org.codehaus.groovy.util.ComplexKeyHashMap$1::hasNext (13 bytes)
Event: 21.786 Thread 0x00000232a90ad800 nmethod 2846 0x0000023294e21b10 code [0x0000023294e21cc0, 0x0000023294e21e18]
Event: 21.786 Thread 0x00000232a90ad800 2847       3       java.lang.reflect.Field::checkCanSetAccessible (10 bytes)
Event: 21.787 Thread 0x00000232a90ad800 nmethod 2847 0x0000023294e21e90 code [0x0000023294e22060, 0x0000023294e221e8]
Event: 21.787 Thread 0x00000232a90ad800 2848       3       org.codehaus.groovy.reflection.CachedField::getModifiers (8 bytes)
Event: 21.787 Thread 0x00000232a90ad800 nmethod 2848 0x0000023294e22310 code [0x0000023294e224c0, 0x0000023294e225d8]
Event: 21.787 Thread 0x00000232a90ad800 2849       1       java.lang.reflect.Field::getType (5 bytes)
Event: 21.787 Thread 0x00000232a90ad800 nmethod 2849 0x000002329be88a10 code [0x000002329be88bc0, 0x000002329be88c78]
Event: 21.788 Thread 0x00000232a90ad800 2850       3       org.codehaus.groovy.reflection.CachedMethod$MyComparator::compare (43 bytes)
Event: 21.789 Thread 0x00000232a90ad800 nmethod 2850 0x0000023294e22690 code [0x0000023294e22900, 0x0000023294e236a8]
Event: 21.789 Thread 0x00000232a90ad800 2851       3       org.codehaus.groovy.reflection.CachedMethod::compareToMethod (125 bytes)
Event: 21.790 Thread 0x00000232a90ad800 nmethod 2851 0x0000023294e23910 code [0x0000023294e23be0, 0x0000023294e249c8]
Event: 21.791 Thread 0x00000232a90ad800 2852       3       groovy.lang.MetaBeanProperty::<init> (18 bytes)
Event: 21.791 Thread 0x00000232a90ad800 nmethod 2852 0x0000023294e24f90 code [0x0000023294e25160, 0x0000023294e25498]

GC Heap History (20 events):
Event: 2.072 GC heap before
{Heap before GC invocations=0 (full 0):
 garbage-first heap   total 65536K, used 19456K [0x00000000a0000000, 0x0000000100000000)
  region size 1024K, 14 young (14336K), 0 survivors (0K)
 Metaspace       used 7490K, capacity 7675K, committed 7936K, reserved 1056768K
  class space    used 688K, capacity 748K, committed 768K, reserved 1048576K
}
Event: 2.082 GC heap after
{Heap after GC invocations=1 (full 0):
 garbage-first heap   total 65536K, used 7677K [0x00000000a0000000, 0x0000000100000000)
  region size 1024K, 2 young (2048K), 2 survivors (2048K)
 Metaspace       used 7490K, capacity 7675K, committed 7936K, reserved 1056768K
  class space    used 688K, capacity 748K, committed 768K, reserved 1048576K
}
Event: 2.642 GC heap before
{Heap before GC invocations=1 (full 0):
 garbage-first heap   total 65536K, used 12797K [0x00000000a0000000, 0x0000000100000000)
  region size 1024K, 7 young (7168K), 2 survivors (2048K)
 Metaspace       used 9933K, capacity 10121K, committed 10368K, reserved 1058816K
  class space    used 1028K, capacity 1096K, committed 1152K, reserved 1048576K
}
Event: 2.648 GC heap after
{Heap after GC invocations=2 (full 0):
 garbage-first heap   total 65536K, used 8650K [0x00000000a0000000, 0x0000000100000000)
  region size 1024K, 1 young (1024K), 1 survivors (1024K)
 Metaspace       used 9933K, capacity 10121K, committed 10368K, reserved 1058816K
  class space    used 1028K, capacity 1096K, committed 1152K, reserved 1048576K
}
Event: 3.933 GC heap before
{Heap before GC invocations=2 (full 0):
 garbage-first heap   total 65536K, used 28106K [0x00000000a0000000, 0x0000000100000000)
  region size 1024K, 20 young (20480K), 1 survivors (1024K)
 Metaspace       used 10931K, capacity 11140K, committed 11264K, reserved 1058816K
  class space    used 1144K, capacity 1201K, committed 1280K, reserved 1048576K
}
Event: 3.938 GC heap after
{Heap after GC invocations=3 (full 0):
 garbage-first heap   total 65536K, used 9235K [0x00000000a0000000, 0x0000000100000000)
  region size 1024K, 2 young (2048K), 2 survivors (2048K)
 Metaspace       used 10931K, capacity 11140K, committed 11264K, reserved 1058816K
  class space    used 1144K, capacity 1201K, committed 1280K, reserved 1048576K
}
Event: 5.117 GC heap before
{Heap before GC invocations=3 (full 0):
 garbage-first heap   total 65536K, used 30739K [0x00000000a0000000, 0x0000000100000000)
  region size 1024K, 24 young (24576K), 2 survivors (2048K)
 Metaspace       used 11269K, capacity 11548K, committed 11776K, reserved 1060864K
  class space    used 1205K, capacity 1273K, committed 1280K, reserved 1048576K
}
Event: 5.128 GC heap after
{Heap after GC invocations=4 (full 0):
 garbage-first heap   total 65536K, used 13513K [0x00000000a0000000, 0x0000000100000000)
  region size 1024K, 3 young (3072K), 3 survivors (3072K)
 Metaspace       used 11269K, capacity 11548K, committed 11776K, reserved 1060864K
  class space    used 1205K, capacity 1273K, committed 1280K, reserved 1048576K
}
Event: 11.443 GC heap before
{Heap before GC invocations=4 (full 0):
 garbage-first heap   total 65536K, used 38089K [0x00000000a0000000, 0x0000000100000000)
  region size 1024K, 27 young (27648K), 3 survivors (3072K)
 Metaspace       used 17300K, capacity 17622K, committed 17920K, reserved 1064960K
  class space    used 2056K, capacity 2177K, committed 2304K, reserved 1048576K
}
Event: 11.655 GC heap after
{Heap after GC invocations=5 (full 0):
 garbage-first heap   total 65536K, used 15415K [0x00000000a0000000, 0x0000000100000000)
  region size 1024K, 3 young (3072K), 3 survivors (3072K)
 Metaspace       used 17300K, capacity 17622K, committed 17920K, reserved 1064960K
  class space    used 2056K, capacity 2177K, committed 2304K, reserved 1048576K
}
Event: 13.751 GC heap before
{Heap before GC invocations=5 (full 0):
 garbage-first heap   total 65536K, used 33847K [0x00000000a0000000, 0x0000000100000000)
  region size 1024K, 23 young (23552K), 3 survivors (3072K)
 Metaspace       used 20583K, capacity 21071K, committed 21248K, reserved 1067008K
  class space    used 2530K, capacity 2693K, committed 2816K, reserved 1048576K
}
Event: 13.759 GC heap after
{Heap after GC invocations=6 (full 0):
 garbage-first heap   total 65536K, used 16090K [0x00000000a0000000, 0x0000000100000000)
  region size 1024K, 3 young (3072K), 3 survivors (3072K)
 Metaspace       used 20583K, capacity 21071K, committed 21248K, reserved 1067008K
  class space    used 2530K, capacity 2693K, committed 2816K, reserved 1048576K
}
Event: 16.317 GC heap before
{Heap before GC invocations=7 (full 0):
 garbage-first heap   total 65536K, used 41690K [0x00000000a0000000, 0x0000000100000000)
  region size 1024K, 28 young (28672K), 3 survivors (3072K)
 Metaspace       used 23546K, capacity 24143K, committed 24320K, reserved 1071104K
  class space    used 2999K, capacity 3208K, committed 3328K, reserved 1048576K
}
Event: 16.326 GC heap after
{Heap after GC invocations=8 (full 0):
 garbage-first heap   total 65536K, used 17185K [0x00000000a0000000, 0x0000000100000000)
  region size 1024K, 2 young (2048K), 2 survivors (2048K)
 Metaspace       used 23546K, capacity 24143K, committed 24320K, reserved 1071104K
  class space    used 2999K, capacity 3208K, committed 3328K, reserved 1048576K
}
Event: 17.736 GC heap before
{Heap before GC invocations=8 (full 0):
 garbage-first heap   total 65536K, used 42785K [0x00000000a0000000, 0x0000000100000000)
  region size 1024K, 27 young (27648K), 2 survivors (2048K)
 Metaspace       used 26234K, capacity 26818K, committed 27008K, reserved 1073152K
  class space    used 3433K, capacity 3635K, committed 3712K, reserved 1048576K
}
Event: 17.743 GC heap after
{Heap after GC invocations=9 (full 0):
 garbage-first heap   total 65536K, used 18147K [0x00000000a0000000, 0x0000000100000000)
  region size 1024K, 3 young (3072K), 3 survivors (3072K)
 Metaspace       used 26234K, capacity 26818K, committed 27008K, reserved 1073152K
  class space    used 3433K, capacity 3635K, committed 3712K, reserved 1048576K
}
Event: 19.966 GC heap before
{Heap before GC invocations=9 (full 0):
 garbage-first heap   total 65536K, used 43747K [0x00000000a0000000, 0x0000000100000000)
  region size 1024K, 29 young (29696K), 3 survivors (3072K)
 Metaspace       used 29807K, capacity 30425K, committed 30592K, reserved 1075200K
  class space    used 3959K, capacity 4175K, committed 4224K, reserved 1048576K
}
Event: 19.974 GC heap after
{Heap after GC invocations=10 (full 0):
 garbage-first heap   total 65536K, used 19361K [0x00000000a0000000, 0x0000000100000000)
  region size 1024K, 4 young (4096K), 4 survivors (4096K)
 Metaspace       used 29807K, capacity 30425K, committed 30592K, reserved 1075200K
  class space    used 3959K, capacity 4175K, committed 4224K, reserved 1048576K
}
Event: 21.511 GC heap before
{Heap before GC invocations=10 (full 0):
 garbage-first heap   total 65536K, used 41889K [0x00000000a0000000, 0x0000000100000000)
  region size 1024K, 25 young (25600K), 4 survivors (4096K)
 Metaspace       used 35117K, capacity 35736K, committed 35840K, reserved 1081344K
  class space    used 4520K, capacity 4775K, committed 4864K, reserved 1048576K
}
Event: 21.529 GC heap after
{Heap after GC invocations=11 (full 0):
 garbage-first heap   total 65536K, used 23836K [0x00000000a0000000, 0x0000000100000000)
  region size 1024K, 4 young (4096K), 4 survivors (4096K)
 Metaspace       used 35117K, capacity 35736K, committed 35840K, reserved 1081344K
  class space    used 4520K, capacity 4775K, committed 4864K, reserved 1048576K
}

Deoptimization events (20 events):
Event: 21.325 Thread 0x00000232ab27c800 Uncommon trap: trap_request=0xffffff4d fr.pc=0x000002329be620c4 relative=0x00000000000006e4
Event: 21.325 Thread 0x00000232ab27c800 Uncommon trap: reason=unstable_if action=reinterpret pc=0x000002329be620c4 method=java.lang.Class.getPackageName()Ljava/lang/String; @ 55 c2
Event: 21.325 Thread 0x00000232ab27c800 DEOPT PACKING pc=0x000002329be620c4 sp=0x000000f68aaf8ec0
Event: 21.325 Thread 0x00000232ab27c800 DEOPT UNPACKING pc=0x00000232942b782f sp=0x000000f68aaf8e80 mode 2
Event: 21.422 Thread 0x00000232ab27c800 Uncommon trap: trap_request=0xffffffbe fr.pc=0x000002329be84378 relative=0x0000000000000818
Event: 21.422 Thread 0x00000232ab27c800 Uncommon trap: reason=profile_predicate action=maybe_recompile pc=0x000002329be84378 method=java.lang.PublicMethods$MethodList.filter([Ljava/lang/reflect/Method;Ljava/lang/String;[Ljava/lang/Class;Z)Ljava/lang/PublicMethods$MethodList; @ 21 c2
Event: 21.423 Thread 0x00000232ab27c800 DEOPT PACKING pc=0x000002329be84378 sp=0x000000f68aaf8ef0
Event: 21.423 Thread 0x00000232ab27c800 DEOPT UNPACKING pc=0x00000232942b782f sp=0x000000f68aaf8ea8 mode 2
Event: 21.423 Thread 0x00000232ab27c800 Uncommon trap: trap_request=0xffffffbe fr.pc=0x000002329be84378 relative=0x0000000000000818
Event: 21.423 Thread 0x00000232ab27c800 Uncommon trap: reason=profile_predicate action=maybe_recompile pc=0x000002329be84378 method=java.lang.PublicMethods$MethodList.filter([Ljava/lang/reflect/Method;Ljava/lang/String;[Ljava/lang/Class;Z)Ljava/lang/PublicMethods$MethodList; @ 21 c2
Event: 21.423 Thread 0x00000232ab27c800 DEOPT PACKING pc=0x000002329be84378 sp=0x000000f68aaf8ef0
Event: 21.423 Thread 0x00000232ab27c800 DEOPT UNPACKING pc=0x00000232942b782f sp=0x000000f68aaf8ea8 mode 2
Event: 21.666 Thread 0x00000232ab27c800 Uncommon trap: trap_request=0xffffffbe fr.pc=0x000002329be84378 relative=0x0000000000000818
Event: 21.666 Thread 0x00000232ab27c800 Uncommon trap: reason=profile_predicate action=maybe_recompile pc=0x000002329be84378 method=java.lang.PublicMethods$MethodList.filter([Ljava/lang/reflect/Method;Ljava/lang/String;[Ljava/lang/Class;Z)Ljava/lang/PublicMethods$MethodList; @ 21 c2
Event: 21.666 Thread 0x00000232ab27c800 DEOPT PACKING pc=0x000002329be84378 sp=0x000000f68aaf91f0
Event: 21.666 Thread 0x00000232ab27c800 DEOPT UNPACKING pc=0x00000232942b782f sp=0x000000f68aaf91a8 mode 2
Event: 21.666 Thread 0x00000232ab27c800 Uncommon trap: trap_request=0xffffffbe fr.pc=0x000002329be84378 relative=0x0000000000000818
Event: 21.666 Thread 0x00000232ab27c800 Uncommon trap: reason=profile_predicate action=maybe_recompile pc=0x000002329be84378 method=java.lang.PublicMethods$MethodList.filter([Ljava/lang/reflect/Method;Ljava/lang/String;[Ljava/lang/Class;Z)Ljava/lang/PublicMethods$MethodList; @ 21 c2
Event: 21.666 Thread 0x00000232ab27c800 DEOPT PACKING pc=0x000002329be84378 sp=0x000000f68aaf91d0
Event: 21.666 Thread 0x00000232ab27c800 DEOPT UNPACKING pc=0x00000232942b782f sp=0x000000f68aaf9188 mode 2

Classes redefined (0 events):
No events

Internal exceptions (20 events):
Event: 21.387 Thread 0x00000232ab27c800 Exception <a 'java/lang/ClassNotFoundException'{0x00000000a2eb60f0}: settings_6vm9cwhwz79o9wxhsn697vm8vBeanInfo> (0x00000000a2eb60f0) thrown at [./src/hotspot/share/classfile/systemDictionary.cpp, line 231]
Event: 21.388 Thread 0x00000232ab27c800 Exception <a 'java/lang/ClassNotFoundException'{0x00000000a2ec5d08}: org/gradle/initialization/SettingsScriptBeanInfo> (0x00000000a2ec5d08) thrown at [./src/hotspot/share/classfile/systemDictionary.cpp, line 231]
Event: 21.389 Thread 0x00000232ab27c800 Exception <a 'java/lang/ClassNotFoundException'{0x00000000a2ed6700}: org/gradle/plugin/use/internal/PluginsAwareScriptBeanInfo> (0x00000000a2ed6700) thrown at [./src/hotspot/share/classfile/systemDictionary.cpp, line 231]
Event: 21.399 Thread 0x00000232ab27c800 Exception <a 'java/lang/ClassNotFoundException'{0x00000000a2ee6360}: org/gradle/groovy/scripts/DefaultScriptBeanInfo> (0x00000000a2ee6360) thrown at [./src/hotspot/share/classfile/systemDictionary.cpp, line 231]
Event: 21.400 Thread 0x00000232ab27c800 Exception <a 'java/lang/ClassNotFoundException'{0x00000000a2ef6210}: org/gradle/groovy/scripts/BasicScriptBeanInfo> (0x00000000a2ef6210) thrown at [./src/hotspot/share/classfile/systemDictionary.cpp, line 231]
Event: 21.401 Thread 0x00000232ab27c800 Exception <a 'java/lang/ClassNotFoundException'{0x00000000a2d05c08}: org/gradle/groovy/scripts/ScriptBeanInfo> (0x00000000a2d05c08) thrown at [./src/hotspot/share/classfile/systemDictionary.cpp, line 231]
Event: 21.401 Thread 0x00000232ab27c800 Exception <a 'java/lang/ClassNotFoundException'{0x00000000a2d146e8}: groovy/lang/ScriptBeanInfo> (0x00000000a2d146e8) thrown at [./src/hotspot/share/classfile/systemDictionary.cpp, line 231]
Event: 21.402 Thread 0x00000232ab27c800 Exception <a 'java/lang/ClassNotFoundException'{0x00000000a2d23550}: groovy/lang/ScriptCustomizer> (0x00000000a2d23550) thrown at [./src/hotspot/share/classfile/systemDictionary.cpp, line 231]
Event: 21.404 Thread 0x00000232ab27c800 Exception <a 'java/lang/ClassNotFoundException'{0x00000000a2d3af40}: org/gradle/groovy/scripts/ScriptCustomizer> (0x00000000a2d3af40) thrown at [./src/hotspot/share/classfile/systemDictionary.cpp, line 231]
Event: 21.406 Thread 0x00000232ab27c800 Exception <a 'java/lang/ClassNotFoundException'{0x00000000a2d51610}: org/gradle/groovy/scripts/BasicScriptCustomizer> (0x00000000a2d51610) thrown at [./src/hotspot/share/classfile/systemDictionary.cpp, line 231]
Event: 21.409 Thread 0x00000232ab27c800 Exception <a 'java/lang/ClassNotFoundException'{0x00000000a2d6d840}: org/gradle/groovy/scripts/DefaultScriptCustomizer> (0x00000000a2d6d840) thrown at [./src/hotspot/share/classfile/systemDictionary.cpp, line 231]
Event: 21.417 Thread 0x00000232ab27c800 Exception <a 'java/lang/ClassNotFoundException'{0x00000000a2db5348}: org/gradle/plugin/use/internal/PluginsAwareScriptCustomizer> (0x00000000a2db5348) thrown at [./src/hotspot/share/classfile/systemDictionary.cpp, line 231]
Event: 21.418 Thread 0x00000232ab27c800 Exception <a 'java/lang/ClassNotFoundException'{0x00000000a2dcd698}: org/gradle/initialization/SettingsScriptCustomizer> (0x00000000a2dcd698) thrown at [./src/hotspot/share/classfile/systemDictionary.cpp, line 231]
Event: 21.420 Thread 0x00000232ab27c800 Exception <a 'java/lang/ClassNotFoundException'{0x00000000a2dde1c8}: settings_6vm9cwhwz79o9wxhsn697vm8vCustomizer> (0x00000000a2dde1c8) thrown at [./src/hotspot/share/classfile/systemDictionary.cpp, line 231]
Event: 21.681 Thread 0x00000232ab27c800 Exception <a 'java/lang/ClassNotFoundException'{0x00000000a3fc1428}: org/gradle/initialization/DefaultSettings_DecoratedBeanInfo> (0x00000000a3fc1428) thrown at [./src/hotspot/share/classfile/systemDictionary.cpp, line 231]
Event: 21.682 Thread 0x00000232ab27c800 Exception <a 'java/lang/ClassNotFoundException'{0x00000000a3fdd848}: org/gradle/initialization/DefaultSettingsBeanInfo> (0x00000000a3fdd848) thrown at [./src/hotspot/share/classfile/systemDictionary.cpp, line 231]
Event: 21.685 Thread 0x00000232ab27c800 Exception <a 'java/lang/ClassNotFoundException'{0x00000000a3ffcf38}: org/gradle/api/internal/project/AbstractPluginAwareBeanInfo> (0x00000000a3ffcf38) thrown at [./src/hotspot/share/classfile/systemDictionary.cpp, line 231]
Event: 21.686 Thread 0x00000232ab27c800 Exception <a 'java/lang/ClassNotFoundException'{0x00000000a3e1c9e0}: org/gradle/api/internal/project/AbstractPluginAwareCustomizer> (0x00000000a3e1c9e0) thrown at [./src/hotspot/share/classfile/systemDictionary.cpp, line 231]
Event: 21.709 Thread 0x00000232ab27c800 Exception <a 'java/lang/ClassNotFoundException'{0x00000000a3e405c8}: org/gradle/initialization/DefaultSettingsCustomizer> (0x00000000a3e405c8) thrown at [./src/hotspot/share/classfile/systemDictionary.cpp, line 231]
Event: 21.747 Thread 0x00000232ab27c800 Exception <a 'java/lang/ClassNotFoundException'{0x00000000a3e88d68}: org/gradle/initialization/DefaultSettings_DecoratedCustomizer> (0x00000000a3e88d68) thrown at [./src/hotspot/share/classfile/systemDictionary.cpp, line 231]

Events (20 events):
Event: 21.686 loading class org/gradle/api/internal/project/AbstractPluginAwareCustomizer
Event: 21.686 loading class org/gradle/api/internal/project/AbstractPluginAwareCustomizer done
Event: 21.706 loading class org/gradle/initialization/DefaultSettingsCustomizer
Event: 21.706 loading class org/gradle/initialization/DefaultSettingsCustomizer done
Event: 21.706 loading class org/gradle/initialization/DefaultSettingsCustomizer
Event: 21.706 loading class org/gradle/initialization/DefaultSettingsCustomizer done
Event: 21.706 loading class org/gradle/initialization/DefaultSettingsCustomizer
Event: 21.706 loading class org/gradle/initialization/DefaultSettingsCustomizer done
Event: 21.709 loading class org/gradle/initialization/DefaultSettingsCustomizer
Event: 21.709 loading class org/gradle/initialization/DefaultSettingsCustomizer done
Event: 21.715 loading class org/gradle/api/initialization/ConfigurableIncludedBuild
Event: 21.715 loading class org/gradle/api/initialization/ConfigurableIncludedBuild done
Event: 21.744 loading class org/gradle/initialization/DefaultSettings_DecoratedCustomizer
Event: 21.744 loading class org/gradle/initialization/DefaultSettings_DecoratedCustomizer done
Event: 21.745 loading class org/gradle/initialization/DefaultSettings_DecoratedCustomizer
Event: 21.745 loading class org/gradle/initialization/DefaultSettings_DecoratedCustomizer done
Event: 21.745 loading class org/gradle/initialization/DefaultSettings_DecoratedCustomizer
Event: 21.745 loading class org/gradle/initialization/DefaultSettings_DecoratedCustomizer done
Event: 21.746 loading class org/gradle/initialization/DefaultSettings_DecoratedCustomizer
Event: 21.746 loading class org/gradle/initialization/DefaultSettings_DecoratedCustomizer done


Dynamic libraries:
0x00007ff775860000 - 0x00007ff77586a000 	C:\Program Files\Android\Android Studio\jre\bin\java.exe
0x00007fff0d7d0000 - 0x00007fff0d9c8000 	C:\Windows\SYSTEM32\ntdll.dll
0x00007fff0c270000 - 0x00007fff0c32d000 	C:\Windows\System32\KERNEL32.DLL
0x00007fff0b290000 - 0x00007fff0b562000 	C:\Windows\System32\KERNELBASE.dll
0x00007fff0b120000 - 0x00007fff0b220000 	C:\Windows\System32\ucrtbase.dll
0x00007fff04490000 - 0x00007fff044a9000 	C:\Program Files\Android\Android Studio\jre\bin\jli.dll
0x00007fff00260000 - 0x00007fff00277000 	C:\Program Files\Android\Android Studio\jre\bin\VCRUNTIME140.dll
0x00007fff0bd70000 - 0x00007fff0bf0d000 	C:\Windows\System32\USER32.dll
0x00007ffefbbe0000 - 0x00007ffefbe7a000 	C:\Windows\WinSxS\amd64_microsoft.windows.common-controls_6595b64144ccf1df_6.0.19041.1110_none_60b5254171f9507e\COMCTL32.dll
0x00007fff0b570000 - 0x00007fff0b592000 	C:\Windows\System32\win32u.dll
0x00007fff0d4a0000 - 0x00007fff0d53e000 	C:\Windows\System32\msvcrt.dll
0x00007fff0bbc0000 - 0x00007fff0bbeb000 	C:\Windows\System32\GDI32.dll
0x00007fff0afc0000 - 0x00007fff0b0cf000 	C:\Windows\System32\gdi32full.dll
0x00007fff0b5a0000 - 0x00007fff0b63d000 	C:\Windows\System32\msvcp_win.dll
0x00007fff0d2c0000 - 0x00007fff0d2f0000 	C:\Windows\System32\IMM32.DLL
0x00007ffee9570000 - 0x00007ffee960d000 	C:\Program Files\Android\Android Studio\jre\bin\msvcp140.dll
0x00007ffed1c60000 - 0x00007ffed272f000 	C:\Program Files\Android\Android Studio\jre\bin\server\jvm.dll
0x00007fff0d540000 - 0x00007fff0d5ee000 	C:\Windows\System32\ADVAPI32.dll
0x00007fff0bcd0000 - 0x00007fff0bd6c000 	C:\Windows\System32\sechost.dll
0x00007fff0b9e0000 - 0x00007fff0bb05000 	C:\Windows\System32\RPCRT4.dll
0x00007fff0c460000 - 0x00007fff0c468000 	C:\Windows\System32\PSAPI.DLL
0x00007ffefde80000 - 0x00007ffefdea7000 	C:\Windows\SYSTEM32\WINMM.dll
0x00007ffefe610000 - 0x00007ffefe619000 	C:\Windows\SYSTEM32\WSOCK32.dll
0x00007fff0b830000 - 0x00007fff0b89b000 	C:\Windows\System32\WS2_32.dll
0x00007fff00380000 - 0x00007fff0038a000 	C:\Windows\SYSTEM32\VERSION.dll
0x00007fff08da0000 - 0x00007fff08db2000 	C:\Windows\SYSTEM32\kernel.appcore.dll
0x00007fff00240000 - 0x00007fff00251000 	C:\Program Files\Android\Android Studio\jre\bin\verify.dll
0x00007ffefbf10000 - 0x00007ffefc0f4000 	C:\Windows\SYSTEM32\DBGHELP.DLL
0x00007ffefc550000 - 0x00007ffefc57c000 	C:\Windows\SYSTEM32\dbgcore.DLL
0x00007fff0b640000 - 0x00007fff0b6c2000 	C:\Windows\System32\bcryptPrimitives.dll
0x00007ffefb480000 - 0x00007ffefb4a9000 	C:\Program Files\Android\Android Studio\jre\bin\java.dll
0x00007fff04510000 - 0x00007fff0451b000 	C:\Program Files\Android\Android Studio\jre\bin\jimage.dll
0x00007ffefc690000 - 0x00007ffefc6a8000 	C:\Program Files\Android\Android Studio\jre\bin\zip.dll
0x00007fff0c620000 - 0x00007fff0cd63000 	C:\Windows\System32\SHELL32.dll
0x00007fff08fa0000 - 0x00007fff09731000 	C:\Windows\SYSTEM32\windows.storage.dll
0x00007fff0bf10000 - 0x00007fff0c264000 	C:\Windows\System32\combase.dll
0x00007fff0a860000 - 0x00007fff0a890000 	C:\Windows\SYSTEM32\Wldp.dll
0x00007fff0d210000 - 0x00007fff0d2bd000 	C:\Windows\System32\SHCORE.dll
0x00007fff0b980000 - 0x00007fff0b9d5000 	C:\Windows\System32\shlwapi.dll
0x00007fff0ae20000 - 0x00007fff0ae3f000 	C:\Windows\SYSTEM32\profapi.dll
0x00007ffefb460000 - 0x00007ffefb47a000 	C:\Program Files\Android\Android Studio\jre\bin\net.dll
0x00007ffefb830000 - 0x00007ffefb93d000 	C:\Windows\SYSTEM32\WINHTTP.dll
0x00007fff0a5c0000 - 0x00007fff0a62a000 	C:\Windows\system32\mswsock.dll
0x00007ffefb440000 - 0x00007ffefb454000 	C:\Program Files\Android\Android Studio\jre\bin\nio.dll
0x00007ffef3cf0000 - 0x00007ffef3d17000 	C:\Users\Asus\.gradle\native\fdc75f09e3144964f2cf3f50f0aa648679c211496f362492102eb8c894070792\windows-amd64\native-platform.dll
0x00007ffed6030000 - 0x00007ffed61c6000 	C:\Users\Asus\.gradle\native\12488b8bf47d2d4c9fbf2f6322a914ad602e24e48041cd04a747c6da556b65c4\windows-amd64\native-platform-file-events.dll
0x00007ffefb430000 - 0x00007ffefb43a000 	C:\Program Files\Android\Android Studio\jre\bin\management.dll
0x00007ffefb420000 - 0x00007ffefb42c000 	C:\Program Files\Android\Android Studio\jre\bin\management_ext.dll
0x00007fff0a7b0000 - 0x00007fff0a7c8000 	C:\Windows\SYSTEM32\CRYPTSP.dll
0x00007fff09ee0000 - 0x00007fff09f14000 	C:\Windows\system32\rsaenh.dll
0x00007fff0aee0000 - 0x00007fff0af07000 	C:\Windows\System32\bcrypt.dll
0x00007fff0ada0000 - 0x00007fff0adce000 	C:\Windows\SYSTEM32\USERENV.dll
0x00007fff0a7d0000 - 0x00007fff0a7dc000 	C:\Windows\SYSTEM32\CRYPTBASE.dll
0x00007fff0a2b0000 - 0x00007fff0a2eb000 	C:\Windows\SYSTEM32\IPHLPAPI.DLL
0x00007fff0bbf0000 - 0x00007fff0bbf8000 	C:\Windows\System32\NSI.dll
0x00007fff01fd0000 - 0x00007fff01fe7000 	C:\Windows\SYSTEM32\dhcpcsvc6.DLL
0x00007fff03ff0000 - 0x00007fff0400d000 	C:\Windows\SYSTEM32\dhcpcsvc.DLL
0x00007fff0a2f0000 - 0x00007fff0a3ba000 	C:\Windows\SYSTEM32\DNSAPI.dll
0x00007fff04030000 - 0x00007fff0403b000 	C:\Windows\SYSTEM32\WINNSI.DLL

dbghelp: loaded successfully - version: 4.0.5 - missing functions: none
symbol engine: initialized successfully - sym options: 0x614 - pdb path: .;C:\Program Files\Android\Android Studio\jre\bin;C:\Windows\SYSTEM32;C:\Windows\WinSxS\amd64_microsoft.windows.common-controls_6595b64144ccf1df_6.0.19041.1110_none_60b5254171f9507e;C:\Program Files\Android\Android Studio\jre\bin\server;C:\Users\Asus\.gradle\native\fdc75f09e3144964f2cf3f50f0aa648679c211496f362492102eb8c894070792\windows-amd64;C:\Users\Asus\.gradle\native\12488b8bf47d2d4c9fbf2f6322a914ad602e24e48041cd04a747c6da556b65c4\windows-amd64

VM Arguments:
jvm_args: --add-opens=java.base/java.util=ALL-UNNAMED --add-opens=java.base/java.lang=ALL-UNNAMED --add-opens=java.base/java.lang.invoke=ALL-UNNAMED --add-opens=java.prefs/java.util.prefs=ALL-UNNAMED -Xmx1536M -Dfile.encoding=windows-1252 -Duser.country=MY -Duser.language=en -Duser.variant 
java_command: org.gradle.launcher.daemon.bootstrap.GradleDaemon 6.7
java_class_path (initial): C:\Users\Asus\.gradle\wrapper\dists\gradle-6.7-all\cuy9mc7upwgwgeb72wkcrupxe\gradle-6.7\lib\gradle-launcher-6.7.jar
Launcher Type: SUN_STANDARD

[Global flags]
     intx CICompilerCount                          = 3                                         {product} {ergonomic}
     uint ConcGCThreads                            = 1                                         {product} {ergonomic}
     uint G1ConcRefinementThreads                  = 4                                         {product} {ergonomic}
   size_t G1HeapRegionSize                         = 1048576                                   {product} {ergonomic}
    uintx GCDrainStackTargetSize                   = 64                                        {product} {ergonomic}
   size_t InitialHeapSize                          = 67108864                                  {product} {ergonomic}
   size_t MarkStackSize                            = 4194304                                   {product} {ergonomic}
   size_t MaxHeapSize                              = 1610612736                                {product} {command line}
   size_t MaxNewSize                               = 965738496                                 {product} {ergonomic}
   size_t MinHeapDeltaBytes                        = 1048576                                   {product} {ergonomic}
    uintx NonNMethodCodeHeapSize                   = 5830732                                {pd product} {ergonomic}
    uintx NonProfiledCodeHeapSize                  = 122913754                              {pd product} {ergonomic}
    uintx ProfiledCodeHeapSize                     = 122913754                              {pd product} {ergonomic}
    uintx ReservedCodeCacheSize                    = 251658240                              {pd product} {ergonomic}
     bool SegmentedCodeCache                       = true                                      {product} {ergonomic}
     bool UseCompressedClassPointers               = true                                 {lp64_product} {ergonomic}
     bool UseCompressedOops                        = true                                 {lp64_product} {ergonomic}
     bool UseG1GC                                  = true                                      {product} {ergonomic}
     bool UseLargePagesIndividualAllocation        = false                                  {pd product} {ergonomic}

Logging:
Log output configuration:
 #0: stdout all=warning uptime,level,tags
 #1: stderr all=off uptime,level,tags

Environment Variables:
JAVA_HOME=C:\Program Files\Android\Android Studio\jre
CLASSPATH=C:\Users\Asus\Desktop\G2R\App_code\DoctorPlus\android\\gradle\wrapper\gradle-wrapper.jar
PATH=C:\Program Files\Common Files\Oracle\Java\javapath;C:\Program Files (x86)\NVIDIA Corporation\PhysX\Common;C:\Program Files (x86)\Intel\iCLS Client\;C:\Program Files\Intel\iCLS Client\;C:\Windows\system32;C:\Windows;C:\Windows\System32\Wbem;C:\Windows\System32\WindowsPowerShell\v1.0\;C:\Windows\System32\OpenSSH\;C:\Program Files\Intel\Intel(R) Management Engine Components\DAL;C:\Program Files\Intel\Intel(R) Management Engine Components\IPT;C:\Program Files (x86)\Intel\Intel(R) Management Engine Components\DAL;C:\Program Files (x86)\Intel\Intel(R) Management Engine Components\IPT;C:\Program Files\Java\jdk-17.0.1\bin;C:\sqlite;C:\Program Files\Git\cmd;C:\Users\Asus\AppData\Local\Microsoft\WindowsApps;C:\SRC\flutter\bin;C:\Users\Asus\AppData\Local\Programs\Microsoft VS Code\bin;C:\Program Files\heroku\bin;C:\SRC\flutter\bin\mingit\cmd
USERNAME=Asus
OS=Windows_NT
PROCESSOR_IDENTIFIER=Intel64 Family 6 Model 58 Stepping 9, GenuineIntel



---------------  S Y S T E M  ---------------

OS: Windows 10 , 64 bit Build 19041 (10.0.19041.1889)
OS uptime: 2 days 15:16 hours

CPU:total 4 (initial active 4) (2 cores per cpu, 2 threads per core) family 6 model 58 stepping 9 microcode 0x21, cmov, cx8, fxsr, mmx, sse, sse2, sse3, ssse3, sse4.1, sse4.2, popcnt, avx, aes, clmul, erms, ht, tsc, tscinvbit, tscinv

Memory: 4k page, system-wide physical 3981M (56M free)
TotalPageFile size 10125M (AvailPageFile size 4M)
current process WorkingSet (physical memory assigned to process): 140M, peak: 140M
current process commit charge ("private bytes"): 207M, peak: 211M

vm_info: OpenJDK 64-Bit Server VM (11.0.10+0-b96-7249189) for windows-amd64 JRE (11.0.10+0-b96-7249189), built on Mar 31 2021 21:44:00 by "builder" with MS VC++ 14.0 (VS2015)

END.
